mode: set
ai-gateway/internal/policy/policy.go:50.46,58.15 2 1
ai-gateway/internal/policy/policy.go:58.15,60.3 1 0
ai-gateway/internal/policy/policy.go:61.2,61.10 1 1
ai-gateway/internal/policy/policy.go:64.27,71.16 2 0
ai-gateway/internal/policy/policy.go:71.16,74.3 2 0
ai-gateway/internal/policy/policy.go:75.2,77.74 3 0
ai-gateway/internal/policy/policy.go:82.82,84.21 2 1
ai-gateway/internal/policy/policy.go:84.21,86.3 1 1
ai-gateway/internal/policy/policy.go:87.2,87.66 1 1
ai-gateway/internal/policy/policy.go:87.66,89.3 1 1
ai-gateway/internal/policy/policy.go:90.2,90.17 1 1
ai-gateway/internal/policy/policy.go:93.84,101.13 6 1
ai-gateway/internal/policy/policy.go:101.13,104.3 2 1
ai-gateway/internal/policy/policy.go:106.2,107.38 2 1
ai-gateway/internal/policy/policy.go:107.38,108.22 1 1
ai-gateway/internal/policy/policy.go:108.22,110.4 1 1
ai-gateway/internal/policy/policy.go:112.2,114.37 2 1
ai-gateway/internal/policy/policy.go:114.37,117.3 2 1
ai-gateway/internal/policy/policy.go:119.2,120.17 2 1
ai-gateway/internal/policy/policy.go:124.63,131.21 2 0
ai-gateway/internal/policy/policy.go:131.21,133.3 1 0
ai-gateway/internal/policy/policy.go:135.2,208.16 5 0
ai-gateway/internal/policy/policy.go:208.16,210.3 1 0
ai-gateway/internal/policy/policy.go:211.2,216.16 5 0
ai-gateway/internal/policy/policy.go:216.16,219.3 2 0
ai-gateway/internal/policy/policy.go:220.2,223.38 3 0
ai-gateway/internal/policy/policy.go:223.38,226.3 2 0
ai-gateway/internal/policy/policy.go:228.2,235.89 2 0
ai-gateway/internal/policy/policy.go:235.89,237.3 1 0
ai-gateway/internal/policy/policy.go:239.2,247.46 8 0
ai-gateway/internal/policy/policy.go:247.46,249.3 1 0
ai-gateway/internal/policy/policy.go:250.2,253.65 3 0
ai-gateway/internal/policy/policy.go:253.65,256.3 2 0
ai-gateway/internal/policy/policy.go:258.2,258.30 1 0
ai-gateway/internal/policy/policy.go:258.30,260.3 1 0
ai-gateway/internal/policy/policy.go:262.2,265.15 2 0
ai-gateway/internal/policy/policy.go:269.45,271.16 2 0
ai-gateway/internal/policy/policy.go:271.16,273.3 1 0
ai-gateway/internal/policy/policy.go:274.2,274.17 1 0
ai-gateway/internal/policy/policy.go:274.17,276.3 1 0
ai-gateway/internal/policy/policy.go:277.2,278.16 2 0
ai-gateway/internal/policy/policy.go:278.16,280.3 1 0
ai-gateway/internal/policy/policy.go:281.2,282.12 2 0
ai-gateway/internal/policy/policy.go:285.48,287.16 2 0
ai-gateway/internal/policy/policy.go:287.16,289.3 1 0
ai-gateway/internal/policy/policy.go:290.2,290.17 1 0
ai-gateway/internal/policy/policy.go:290.17,292.3 1 0
ai-gateway/internal/policy/policy.go:293.2,294.16 2 0
ai-gateway/internal/policy/policy.go:294.16,296.3 1 0
ai-gateway/internal/policy/policy.go:297.2,298.12 2 0
ai-gateway/internal/policy/policy.go:301.45,302.17 1 0
ai-gateway/internal/policy/policy.go:302.17,304.3 1 0
ai-gateway/internal/policy/policy.go:305.2,306.16 2 0
ai-gateway/internal/policy/policy.go:306.16,308.3 1 0
ai-gateway/internal/policy/policy.go:309.2,312.18 3 0
ai-gateway/internal/policy/policy.go:312.18,315.56 3 0
ai-gateway/internal/policy/policy.go:315.56,316.12 1 0
ai-gateway/internal/policy/policy.go:318.3,319.27 2 0
ai-gateway/internal/policy/policy.go:321.2,321.19 1 0
ai-gateway/internal/auth/admin.go:19.32,23.20 3 1
ai-gateway/internal/auth/admin.go:23.20,26.3 2 0
ai-gateway/internal/auth/admin.go:27.2,27.20 1 1
ai-gateway/internal/auth/admin.go:27.20,30.3 2 0
ai-gateway/internal/auth/admin.go:32.2,33.59 2 1
ai-gateway/internal/auth/admin.go:38.72,39.54 1 1
ai-gateway/internal/auth/admin.go:39.54,41.34 2 1
ai-gateway/internal/auth/admin.go:41.34,67.4 4 1
ai-gateway/internal/auth/admin.go:68.3,68.13 1 1
ai-gateway/internal/auth/admin.go:73.65,75.2 1 0
ai-gateway/internal/auth/admin.go:78.51,82.2 3 1
ai-gateway/internal/auth/auth.go:14.36,16.2 1 0
ai-gateway/internal/auth/auth.go:19.85,21.9 2 0
ai-gateway/internal/auth/auth.go:21.9,23.3 1 0
ai-gateway/internal/auth/auth.go:24.2,24.26 1 0
ai-gateway/internal/auth/auth.go:28.87,30.2 1 0
ai-gateway/internal/auth/keymanager.go:50.44,56.15 2 1
ai-gateway/internal/auth/keymanager.go:56.15,59.3 2 0
ai-gateway/internal/auth/keymanager.go:61.2,62.11 2 1
ai-gateway/internal/auth/keymanager.go:66.32,84.16 2 0
ai-gateway/internal/auth/keymanager.go:84.16,87.3 2 0
ai-gateway/internal/auth/keymanager.go:89.2,91.68 3 0
ai-gateway/internal/auth/keymanager.go:95.35,102.16 2 0
ai-gateway/internal/auth/keymanager.go:102.16,105.3 2 0
ai-gateway/internal/auth/keymanager.go:106.2,112.18 5 0
ai-gateway/internal/auth/keymanager.go:112.18,122.17 4 0
ai-gateway/internal/auth/keymanager.go:122.17,123.12 1 0
ai-gateway/internal/auth/keymanager.go:126.3,127.46 2 0
ai-gateway/internal/auth/keymanager.go:127.46,130.4 2 0
ai-gateway/internal/auth/keymanager.go:131.3,131.44 1 0
ai-gateway/internal/auth/keymanager.go:131.44,134.4 2 0
ai-gateway/internal/auth/keymanager.go:135.3,135.48 1 0
ai-gateway/internal/auth/keymanager.go:135.48,138.4 2 0
ai-gateway/internal/auth/keymanager.go:140.3,140.22 1 0
ai-gateway/internal/auth/keymanager.go:143.2,143.70 1 0
ai-gateway/internal/auth/keymanager.go:148.90,150.18 2 1
ai-gateway/internal/auth/keymanager.go:150.18,152.3 1 1
ai-gateway/internal/auth/keymanager.go:154.2,158.13 4 1
ai-gateway/internal/auth/keymanager.go:158.13,160.3 1 1
ai-gateway/internal/auth/keymanager.go:163.2,163.18 1 0
ai-gateway/internal/auth/keymanager.go:164.18,166.27 2 0
ai-gateway/internal/auth/keymanager.go:166.27,168.4 1 0
ai-gateway/internal/auth/keymanager.go:169.3,169.26 1 0
ai-gateway/internal/auth/keymanager.go:170.20,171.54 1 0
ai-gateway/internal/auth/keymanager.go:172.18,173.41 1 0
ai-gateway/internal/auth/keymanager.go:177.2,177.58 1 0
ai-gateway/internal/auth/keymanager.go:177.58,181.3 2 0
ai-gateway/internal/auth/keymanager.go:184.2,186.20 2 0
ai-gateway/internal/auth/keymanager.go:190.106,191.18 1 0
ai-gateway/internal/auth/keymanager.go:191.18,193.3 1 0
ai-gateway/internal/auth/keymanager.go:196.2,197.42 2 0
ai-gateway/internal/auth/keymanager.go:197.42,199.3 1 0
ai-gateway/internal/auth/keymanager.go:200.2,203.22 3 0
ai-gateway/internal/auth/keymanager.go:203.22,205.3 1 0
ai-gateway/internal/auth/keymanager.go:207.2,212.16 2 0
ai-gateway/internal/auth/keymanager.go:212.16,214.3 1 0
ai-gateway/internal/auth/keymanager.go:216.2,234.15 7 0
ai-gateway/internal/auth/keymanager.go:238.78,239.18 1 0
ai-gateway/internal/auth/keymanager.go:239.18,241.3 1 0
ai-gateway/internal/auth/keymanager.go:243.2,247.39 3 0
ai-gateway/internal/auth/keymanager.go:247.39,252.3 1 0
ai-gateway/internal/auth/keymanager.go:252.8,257.3 1 0
ai-gateway/internal/auth/keymanager.go:259.2,259.16 1 0
ai-gateway/internal/auth/keymanager.go:259.16,261.3 1 0
ai-gateway/internal/auth/keymanager.go:264.2,265.29 2 0
ai-gateway/internal/auth/keymanager.go:265.29,266.61 1 0
ai-gateway/internal/auth/keymanager.go:266.61,272.4 5 0
ai-gateway/internal/auth/keymanager.go:274.2,277.12 3 0
ai-gateway/internal/auth/keymanager.go:281.59,282.18 1 0
ai-gateway/internal/auth/keymanager.go:282.18,284.3 1 0
ai-gateway/internal/auth/keymanager.go:286.2,287.16 2 0
ai-gateway/internal/auth/keymanager.go:287.16,289.3 1 0
ai-gateway/internal/auth/keymanager.go:291.2,292.29 2 0
ai-gateway/internal/auth/keymanager.go:292.29,293.20 1 0
ai-gateway/internal/auth/keymanager.go:293.20,295.4 1 0
ai-gateway/internal/auth/keymanager.go:297.2,300.12 3 0
ai-gateway/internal/auth/keymanager.go:304.60,305.18 1 0
ai-gateway/internal/auth/keymanager.go:305.18,307.3 1 0
ai-gateway/internal/auth/keymanager.go:309.2,311.16 2 0
ai-gateway/internal/auth/keymanager.go:311.16,313.3 1 0
ai-gateway/internal/auth/keymanager.go:315.2,316.29 2 0
ai-gateway/internal/auth/keymanager.go:316.29,317.20 1 0
ai-gateway/internal/auth/keymanager.go:317.20,319.4 1 0
ai-gateway/internal/auth/keymanager.go:321.2,324.12 3 0
ai-gateway/internal/auth/keymanager.go:328.69,329.18 1 0
ai-gateway/internal/auth/keymanager.go:329.18,331.3 1 0
ai-gateway/internal/auth/keymanager.go:332.2,340.24 3 0
ai-gateway/internal/auth/keymanager.go:340.24,343.3 2 0
ai-gateway/internal/auth/keymanager.go:344.2,347.16 3 0
ai-gateway/internal/auth/keymanager.go:347.16,349.3 1 0
ai-gateway/internal/auth/keymanager.go:350.2,353.18 3 0
ai-gateway/internal/auth/keymanager.go:353.18,363.17 4 0
ai-gateway/internal/auth/keymanager.go:363.17,364.12 1 0
ai-gateway/internal/auth/keymanager.go:367.3,368.46 2 0
ai-gateway/internal/auth/keymanager.go:368.46,371.4 2 0
ai-gateway/internal/auth/keymanager.go:372.3,372.44 1 0
ai-gateway/internal/auth/keymanager.go:372.44,375.4 2 0
ai-gateway/internal/auth/keymanager.go:376.3,376.48 1 0
ai-gateway/internal/auth/keymanager.go:376.48,379.4 2 0
ai-gateway/internal/auth/keymanager.go:382.3,382.22 1 0
ai-gateway/internal/auth/keymanager.go:382.22,384.4 1 0
ai-gateway/internal/auth/keymanager.go:386.3,386.25 1 0
ai-gateway/internal/auth/keymanager.go:388.2,388.18 1 0
ai-gateway/internal/auth/keymanager.go:392.46,396.18 2 0
ai-gateway/internal/auth/keymanager.go:396.18,398.3 1 0
ai-gateway/internal/auth/keymanager.go:400.2,401.16 2 0
ai-gateway/internal/auth/keymanager.go:401.16,403.3 1 0
ai-gateway/internal/auth/keymanager.go:404.2,407.18 3 0
ai-gateway/internal/auth/keymanager.go:407.18,410.40 3 0
ai-gateway/internal/auth/keymanager.go:410.40,413.4 2 0
ai-gateway/internal/auth/keymanager.go:415.2,416.14 2 0
ai-gateway/internal/auth/keymanager.go:420.50,421.18 1 0
ai-gateway/internal/auth/keymanager.go:421.18,423.3 1 0
ai-gateway/internal/auth/keymanager.go:424.2,426.35 3 0
ai-gateway/internal/auth/keymanager.go:426.35,428.3 1 0
ai-gateway/internal/auth/keymanager.go:429.2,429.16 1 0
ai-gateway/internal/auth/keymanager.go:433.64,434.18 1 0
ai-gateway/internal/auth/keymanager.go:434.18,436.3 1 0
ai-gateway/internal/auth/keymanager.go:437.2,443.35 4 0
ai-gateway/internal/auth/keymanager.go:443.35,447.3 3 0
ai-gateway/internal/auth/keymanager.go:448.2,448.16 1 0
ai-gateway/internal/auth/keymanager.go:452.50,453.18 1 0
ai-gateway/internal/auth/keymanager.go:453.18,455.3 1 0
ai-gateway/internal/auth/keymanager.go:456.2,458.35 3 0
ai-gateway/internal/auth/keymanager.go:458.35,460.3 1 0
ai-gateway/internal/auth/keymanager.go:461.2,461.16 1 0
ai-gateway/internal/auth/keymanager.go:466.55,469.35 3 0
ai-gateway/internal/auth/keymanager.go:469.35,471.3 1 0
ai-gateway/internal/auth/keymanager.go:472.2,472.10 1 0
ai-gateway/internal/auth/keymanager_test_helpers.go:7.60,19.2 3 0
ai-gateway/internal/gateway/gateway.go:34.37,35.40 1 0
ai-gateway/internal/gateway/gateway.go:35.40,37.3 1 0
ai-gateway/internal/gateway/gateway.go:39.2,40.18 2 0
ai-gateway/internal/gateway/gateway.go:40.18,42.3 1 0
ai-gateway/internal/gateway/gateway.go:42.8,44.3 1 0
ai-gateway/internal/gateway/gateway.go:46.2,49.21 4 0
ai-gateway/internal/gateway/gateway.go:49.21,51.3 1 0
ai-gateway/internal/gateway/gateway.go:53.2,59.22 4 0
ai-gateway/internal/gateway/gateway.go:59.22,60.52 1 0
ai-gateway/internal/gateway/gateway.go:60.52,62.15 2 0
ai-gateway/internal/gateway/gateway.go:62.15,66.32 3 0
ai-gateway/internal/gateway/gateway.go:66.32,71.11 3 0
ai-gateway/internal/gateway/gateway.go:73.5,73.15 1 0
ai-gateway/internal/gateway/gateway.go:73.15,76.6 1 0
ai-gateway/internal/gateway/gateway.go:81.2,92.3 1 0
ai-gateway/internal/gateway/gateway.go:101.64,107.42 2 1
ai-gateway/internal/gateway/gateway.go:107.42,109.3 1 0
ai-gateway/internal/gateway/gateway.go:110.2,110.68 1 1
ai-gateway/internal/gateway/gateway.go:110.68,112.3 1 0
ai-gateway/internal/gateway/gateway.go:113.2,113.38 1 1
ai-gateway/internal/gateway/gateway.go:117.68,120.33 2 1
ai-gateway/internal/gateway/gateway.go:120.33,124.3 3 1
ai-gateway/internal/gateway/gateway.go:127.2,128.12 2 1
ai-gateway/internal/gateway/gateway.go:128.12,133.3 4 1
ai-gateway/internal/gateway/gateway.go:134.2,140.62 3 1
ai-gateway/internal/gateway/gateway.go:140.62,144.3 3 1
ai-gateway/internal/gateway/gateway.go:145.2,145.42 1 1
ai-gateway/internal/gateway/gateway.go:145.42,149.3 3 1
ai-gateway/internal/gateway/gateway.go:151.2,159.86 4 1
ai-gateway/internal/gateway/gateway.go:159.86,168.3 5 0
ai-gateway/internal/gateway/gateway.go:171.2,174.73 3 1
ai-gateway/internal/gateway/gateway.go:174.73,197.3 7 0
ai-gateway/internal/gateway/gateway.go:200.2,207.19 6 1
ai-gateway/internal/gateway/gateway.go:207.19,218.17 4 0
ai-gateway/internal/gateway/gateway.go:218.17,222.4 3 0
ai-gateway/internal/gateway/gateway.go:224.3,224.37 1 0
ai-gateway/internal/gateway/gateway.go:225.34,226.58 1 0
ai-gateway/internal/gateway/gateway.go:227.34,238.10 5 0
ai-gateway/internal/gateway/gateway.go:239.11,249.10 4 0
ai-gateway/internal/gateway/gateway.go:254.2,254.62 1 1
ai-gateway/internal/gateway/gateway.go:254.62,275.3 8 0
ai-gateway/internal/gateway/gateway.go:278.2,280.16 3 1
ai-gateway/internal/gateway/gateway.go:280.16,289.3 4 1
ai-gateway/internal/gateway/gateway.go:291.2,300.4 3 0
ai-gateway/internal/gateway/gateway.go:311.70,317.9 4 1
ai-gateway/internal/gateway/gateway.go:319.48,322.17 3 1
ai-gateway/internal/gateway/gateway.go:322.17,326.4 3 0
ai-gateway/internal/gateway/gateway.go:327.3,327.18 1 1
ai-gateway/internal/gateway/gateway.go:327.18,329.4 1 0
ai-gateway/internal/gateway/gateway.go:330.3,332.5 1 1
ai-gateway/internal/gateway/gateway.go:334.53,338.5 2 0
ai-gateway/internal/gateway/gateway.go:340.57,347.63 2 1
ai-gateway/internal/gateway/gateway.go:347.63,351.4 3 0
ai-gateway/internal/gateway/gateway.go:352.3,352.22 1 1
ai-gateway/internal/gateway/gateway.go:352.22,356.4 3 1
ai-gateway/internal/gateway/gateway.go:358.3,359.27 2 0
ai-gateway/internal/gateway/gateway.go:359.27,362.4 2 0
ai-gateway/internal/gateway/gateway.go:364.3,365.17 2 0
ai-gateway/internal/gateway/gateway.go:365.17,369.4 3 0
ai-gateway/internal/gateway/gateway.go:372.3,376.5 1 0
ai-gateway/internal/gateway/gateway.go:378.55,384.85 2 0
ai-gateway/internal/gateway/gateway.go:384.85,388.4 3 0
ai-gateway/internal/gateway/gateway.go:389.3,389.88 1 0
ai-gateway/internal/gateway/gateway.go:389.88,393.4 3 0
ai-gateway/internal/gateway/gateway.go:394.3,394.95 1 0
ai-gateway/internal/gateway/gateway.go:396.56,401.79 2 0
ai-gateway/internal/gateway/gateway.go:401.79,405.4 3 0
ai-gateway/internal/gateway/gateway.go:406.3,406.64 1 0
ai-gateway/internal/gateway/gateway.go:406.64,410.4 3 0
ai-gateway/internal/gateway/gateway.go:411.3,411.70 1 0
ai-gateway/internal/gateway/gateway.go:413.57,418.79 2 0
ai-gateway/internal/gateway/gateway.go:418.79,422.4 3 0
ai-gateway/internal/gateway/gateway.go:423.3,423.65 1 0
ai-gateway/internal/gateway/gateway.go:423.65,427.4 3 0
ai-gateway/internal/gateway/gateway.go:428.3,428.70 1 0
ai-gateway/internal/gateway/gateway.go:430.10,435.5 2 1
ai-gateway/internal/gateway/gateway.go:442.75,446.9 3 0
ai-gateway/internal/gateway/gateway.go:447.48,449.17 2 0
ai-gateway/internal/gateway/gateway.go:449.17,453.4 3 0
ai-gateway/internal/gateway/gateway.go:454.3,454.127 1 0
ai-gateway/internal/gateway/gateway.go:456.49,461.81 2 0
ai-gateway/internal/gateway/gateway.go:461.81,465.4 3 0
ai-gateway/internal/gateway/gateway.go:466.3,467.17 2 0
ai-gateway/internal/gateway/gateway.go:467.17,471.4 3 0
ai-gateway/internal/gateway/gateway.go:472.3,472.177 1 0
ai-gateway/internal/gateway/gateway.go:474.54,476.17 2 0
ai-gateway/internal/gateway/gateway.go:476.17,480.4 3 0
ai-gateway/internal/gateway/gateway.go:481.3,481.90 1 0
ai-gateway/internal/gateway/gateway.go:483.56,487.84 2 0
ai-gateway/internal/gateway/gateway.go:487.84,491.4 3 0
ai-gateway/internal/gateway/gateway.go:492.3,493.17 2 0
ai-gateway/internal/gateway/gateway.go:493.17,497.4 3 0
ai-gateway/internal/gateway/gateway.go:498.3,498.197 1 0
ai-gateway/internal/gateway/gateway.go:500.10,502.103 2 0
ai-gateway/internal/gateway/gateway.go:506.75,510.9 3 0
ai-gateway/internal/gateway/gateway.go:511.48,513.17 2 0
ai-gateway/internal/gateway/gateway.go:513.17,517.4 3 0
ai-gateway/internal/gateway/gateway.go:518.3,518.23 1 0
ai-gateway/internal/gateway/gateway.go:518.23,520.4 1 0
ai-gateway/internal/gateway/gateway.go:521.3,521.117 1 0
ai-gateway/internal/gateway/gateway.go:523.53,524.104 1 0
ai-gateway/internal/gateway/gateway.go:526.56,531.79 2 0
ai-gateway/internal/gateway/gateway.go:531.79,535.4 3 0
ai-gateway/internal/gateway/gateway.go:536.3,536.28 1 0
ai-gateway/internal/gateway/gateway.go:536.28,538.4 1 0
ai-gateway/internal/gateway/gateway.go:539.3,539.77 1 0
ai-gateway/internal/gateway/gateway.go:539.77,543.4 3 0
ai-gateway/internal/gateway/gateway.go:544.3,544.89 1 0
ai-gateway/internal/gateway/gateway.go:546.10,547.37 1 0
ai-gateway/internal/gateway/gateway.go:551.72,555.9 3 0
ai-gateway/internal/gateway/gateway.go:556.48,558.17 2 0
ai-gateway/internal/gateway/gateway.go:558.17,561.4 2 0
ai-gateway/internal/gateway/gateway.go:562.3,562.19 1 0
ai-gateway/internal/gateway/gateway.go:562.19,564.4 1 0
ai-gateway/internal/gateway/gateway.go:565.3,565.105 1 0
ai-gateway/internal/gateway/gateway.go:567.51,569.17 2 0
ai-gateway/internal/gateway/gateway.go:569.17,572.4 2 0
ai-gateway/internal/gateway/gateway.go:573.3,573.19 1 0
ai-gateway/internal/gateway/gateway.go:573.19,575.4 1 0
ai-gateway/internal/gateway/gateway.go:576.3,576.105 1 0
ai-gateway/internal/gateway/gateway.go:578.53,579.100 1 0
ai-gateway/internal/gateway/gateway.go:581.56,582.52 1 0
ai-gateway/internal/gateway/gateway.go:584.55,585.52 1 0
ai-gateway/internal/gateway/gateway.go:587.10,588.37 1 0
ai-gateway/internal/gateway/gateway.go:592.106,597.78 2 0
ai-gateway/internal/gateway/gateway.go:597.78,601.3 3 0
ai-gateway/internal/gateway/gateway.go:602.2,602.25 1 0
ai-gateway/internal/gateway/gateway.go:602.25,604.3 1 0
ai-gateway/internal/gateway/gateway.go:605.2,605.77 1 0
ai-gateway/internal/gateway/gateway.go:605.77,609.3 3 0
ai-gateway/internal/gateway/gateway.go:610.2,610.110 1 0
ai-gateway/internal/gateway/gateway.go:613.71,615.18 2 0
ai-gateway/internal/gateway/gateway.go:616.22,618.17 2 0
ai-gateway/internal/gateway/gateway.go:618.17,621.4 2 0
ai-gateway/internal/gateway/gateway.go:622.3,622.105 1 0
ai-gateway/internal/gateway/gateway.go:623.23,627.82 2 0
ai-gateway/internal/gateway/gateway.go:627.82,630.4 2 0
ai-gateway/internal/gateway/gateway.go:631.3,631.53 1 0
ai-gateway/internal/gateway/gateway.go:631.53,634.4 2 0
ai-gateway/internal/gateway/gateway.go:635.3,635.85 1 0
ai-gateway/internal/gateway/gateway.go:636.25,640.82 2 0
ai-gateway/internal/gateway/gateway.go:640.82,643.4 2 0
ai-gateway/internal/gateway/gateway.go:644.3,644.56 1 0
ai-gateway/internal/gateway/gateway.go:644.56,647.4 2 0
ai-gateway/internal/gateway/gateway.go:648.3,648.87 1 0
ai-gateway/internal/gateway/gateway.go:649.10,650.45 1 0
ai-gateway/internal/gateway/gateway.go:654.77,656.32 2 0
ai-gateway/internal/gateway/gateway.go:656.32,659.3 2 0
ai-gateway/internal/gateway/gateway.go:661.2,662.20 2 0
ai-gateway/internal/gateway/gateway.go:662.20,665.3 2 0
ai-gateway/internal/gateway/gateway.go:667.2,669.13 3 0
ai-gateway/internal/gateway/gateway.go:669.13,672.3 2 0
ai-gateway/internal/gateway/gateway.go:674.2,675.16 2 0
ai-gateway/internal/gateway/gateway.go:675.16,678.3 2 0
ai-gateway/internal/gateway/gateway.go:680.2,692.4 2 0
ai-gateway/internal/gateway/gateway.go:695.51,696.21 1 1
ai-gateway/internal/gateway/gateway.go:696.21,698.3 1 0
ai-gateway/internal/gateway/gateway.go:699.2,699.44 1 1
ai-gateway/internal/gateway/gateway.go:699.44,701.3 1 0
ai-gateway/internal/gateway/gateway.go:704.50,705.32 1 1
ai-gateway/internal/gateway/gateway.go:706.22,707.33 1 0
ai-gateway/internal/gateway/gateway.go:708.14,709.25 1 0
ai-gateway/internal/gateway/gateway.go:710.17,711.28 1 0
ai-gateway/internal/gateway/gateway.go:712.10,713.28 1 1
ai-gateway/internal/gateway/gateway.go:717.24,718.11 1 0
ai-gateway/internal/gateway/gateway.go:718.11,720.3 1 0
ai-gateway/internal/gateway/gateway.go:721.2,721.10 1 0
ai-gateway/internal/gateway/gateway_test_helpers.go:17.44,22.16 3 1
ai-gateway/internal/gateway/gateway_test_helpers.go:22.16,25.3 1 0
ai-gateway/internal/gateway/gateway_test_helpers.go:28.2,45.3 3 1
ai-gateway/internal/gateway/groq.go:31.57,47.16 4 1
ai-gateway/internal/gateway/groq.go:47.16,49.3 1 0
ai-gateway/internal/gateway/groq.go:51.2,53.16 3 1
ai-gateway/internal/gateway/groq.go:53.16,55.3 1 0
ai-gateway/internal/gateway/groq.go:57.2,57.27 1 1
ai-gateway/internal/gateway/groq.go:57.27,59.3 1 1
ai-gateway/internal/gateway/groq.go:61.2,61.32 1 0
ai-gateway/internal/gateway/groq.go:61.32,63.3 1 0
ai-gateway/internal/gateway/groq.go:65.2,65.49 1 0
ai-gateway/internal/gateway/groq_test_helpers.go:15.69,32.16 5 1
ai-gateway/internal/gateway/groq_test_helpers.go:32.16,34.3 1 0
ai-gateway/internal/gateway/groq_test_helpers.go:36.2,36.40 1 1
ai-gateway/internal/gateway/groq_test_helpers.go:36.40,38.3 1 1
ai-gateway/internal/gateway/groq_test_helpers.go:40.2,41.63 2 1
ai-gateway/internal/gateway/groq_test_helpers.go:41.63,43.3 1 0
ai-gateway/internal/gateway/groq_test_helpers.go:45.2,45.27 1 1
ai-gateway/internal/gateway/groq_test_helpers.go:45.27,47.3 1 0
ai-gateway/internal/gateway/groq_test_helpers.go:49.2,49.32 1 1
ai-gateway/internal/gateway/groq_test_helpers.go:49.32,51.3 1 1
ai-gateway/internal/gateway/groq_test_helpers.go:53.2,53.49 1 1
ai-gateway/internal/compliance/incidents.go:50.92,58.15 2 0
ai-gateway/internal/compliance/incidents.go:58.15,60.3 1 0
ai-gateway/internal/compliance/incidents.go:62.2,62.21 1 0
ai-gateway/internal/compliance/incidents.go:62.21,64.3 1 0
ai-gateway/internal/compliance/incidents.go:64.8,66.3 1 0
ai-gateway/internal/compliance/incidents.go:68.2,68.10 1 0
ai-gateway/internal/compliance/incidents.go:72.36,89.16 2 0
ai-gateway/internal/compliance/incidents.go:89.16,92.3 2 0
ai-gateway/internal/compliance/incidents.go:94.2,96.76 3 0
ai-gateway/internal/compliance/incidents.go:100.72,102.47 1 0
ai-gateway/internal/compliance/incidents.go:102.47,104.3 1 0
ai-gateway/internal/compliance/incidents.go:107.2,107.33 1 0
ai-gateway/internal/compliance/incidents.go:107.33,109.3 1 0
ai-gateway/internal/compliance/incidents.go:112.2,112.25 1 0
ai-gateway/internal/compliance/incidents.go:112.25,113.19 1 0
ai-gateway/internal/compliance/incidents.go:114.39,115.23 1 0
ai-gateway/internal/compliance/incidents.go:116.11,117.25 1 0
ai-gateway/internal/compliance/incidents.go:122.2,122.18 1 0
ai-gateway/internal/compliance/incidents.go:123.45,124.24 1 0
ai-gateway/internal/compliance/incidents.go:125.31,126.21 1 0
ai-gateway/internal/compliance/incidents.go:129.2,129.20 1 0
ai-gateway/internal/compliance/incidents.go:137.22,138.17 1 0
ai-gateway/internal/compliance/incidents.go:138.17,140.3 1 0
ai-gateway/internal/compliance/incidents.go:142.2,148.16 2 0
ai-gateway/internal/compliance/incidents.go:148.16,150.3 1 0
ai-gateway/internal/compliance/incidents.go:152.2,169.92 4 0
ai-gateway/internal/compliance/incidents.go:169.92,171.3 1 0
ai-gateway/internal/compliance/incidents.go:173.2,173.22 1 0
ai-gateway/internal/compliance/incidents.go:177.62,178.42 1 0
ai-gateway/internal/compliance/incidents.go:178.42,181.3 2 0
ai-gateway/internal/compliance/incidents.go:183.2,184.16 2 0
ai-gateway/internal/compliance/incidents.go:184.16,186.3 1 0
ai-gateway/internal/compliance/incidents.go:188.2,204.30 4 0
ai-gateway/internal/compliance/incidents.go:204.30,206.3 1 0
ai-gateway/internal/compliance/incidents.go:208.2,209.30 2 0
ai-gateway/internal/compliance/incidents.go:209.30,215.3 1 0
ai-gateway/internal/compliance/incidents.go:217.2,306.16 4 0
ai-gateway/internal/compliance/incidents.go:306.16,309.3 2 0
ai-gateway/internal/compliance/incidents.go:311.2,316.16 2 0
ai-gateway/internal/compliance/incidents.go:316.16,319.3 2 0
ai-gateway/internal/compliance/incidents.go:320.2,325.16 5 0
ai-gateway/internal/compliance/incidents.go:325.16,328.3 2 0
ai-gateway/internal/compliance/incidents.go:329.2,333.79 3 0
ai-gateway/internal/compliance/incidents.go:333.79,338.3 2 0
ai-gateway/internal/compliance/incidents.go:338.8,341.3 1 0
ai-gateway/internal/compliance/incidents.go:345.39,346.11 1 0
ai-gateway/internal/compliance/incidents.go:347.24,348.19 1 0
ai-gateway/internal/compliance/incidents.go:349.20,350.19 1 0
ai-gateway/internal/compliance/incidents.go:351.22,352.19 1 0
ai-gateway/internal/compliance/incidents.go:353.10,354.19 1 0
ai-gateway/internal/compliance/incidents.go:359.77,360.17 1 0
ai-gateway/internal/compliance/incidents.go:360.17,362.3 1 0
ai-gateway/internal/compliance/incidents.go:364.2,370.26 3 0
ai-gateway/internal/compliance/incidents.go:370.26,373.3 2 0
ai-gateway/internal/compliance/incidents.go:374.2,377.16 3 0
ai-gateway/internal/compliance/incidents.go:377.16,379.3 1 0
ai-gateway/internal/compliance/incidents.go:380.2,383.18 3 0
ai-gateway/internal/compliance/incidents.go:383.18,394.17 6 0
ai-gateway/internal/compliance/incidents.go:394.17,395.12 1 0
ai-gateway/internal/compliance/incidents.go:398.3,402.23 5 0
ai-gateway/internal/compliance/incidents.go:402.23,404.4 1 0
ai-gateway/internal/compliance/incidents.go:405.3,405.50 1 0
ai-gateway/internal/compliance/incidents.go:405.50,408.4 2 0
ai-gateway/internal/compliance/incidents.go:410.3,410.37 1 0
ai-gateway/internal/compliance/incidents.go:412.2,412.23 1 0
ai-gateway/internal/compliance/incidents.go:416.68,417.17 1 0
ai-gateway/internal/compliance/incidents.go:417.17,419.3 1 0
ai-gateway/internal/compliance/incidents.go:421.2,428.16 3 0
ai-gateway/internal/compliance/incidents.go:428.16,430.3 1 0
ai-gateway/internal/compliance/incidents.go:432.2,433.15 2 0
ai-gateway/internal/compliance/incidents.go:433.15,435.3 1 0
ai-gateway/internal/compliance/incidents.go:437.2,438.12 2 0
ai-gateway/internal/compliance/incidents.go:442.58,452.17 2 0
ai-gateway/internal/compliance/incidents.go:452.17,454.3 1 0
ai-gateway/internal/compliance/incidents.go:456.2,463.16 7 0
ai-gateway/internal/compliance/incidents.go:463.16,465.3 1 0
ai-gateway/internal/compliance/incidents.go:466.2,468.18 2 0
ai-gateway/internal/compliance/incidents.go:468.18,471.37 3 0
ai-gateway/internal/compliance/incidents.go:471.37,473.4 1 0
ai-gateway/internal/compliance/incidents.go:475.2,475.14 1 0
ai-gateway/internal/compliance/prohibited.go:31.44,34.2 2 0
ai-gateway/internal/compliance/prohibited.go:38.72,87.40 3 0
ai-gateway/internal/compliance/prohibited.go:87.40,89.3 1 0
ai-gateway/internal/compliance/prohibited.go:91.2,91.48 1 0
ai-gateway/internal/compliance/prohibited.go:100.58,143.34 5 0
ai-gateway/internal/compliance/prohibited.go:143.34,144.42 1 0
ai-gateway/internal/compliance/prohibited.go:144.42,158.4 3 0
ai-gateway/internal/compliance/prohibited.go:162.2,162.21 1 0
ai-gateway/internal/compliance/prohibited.go:162.21,165.3 2 0
ai-gateway/internal/compliance/prohibited.go:167.2,167.32 1 0
ai-gateway/internal/compliance/prohibited.go:171.83,245.16 4 0
ai-gateway/internal/compliance/prohibited.go:245.16,248.3 2 0
ai-gateway/internal/compliance/prohibited.go:250.2,255.16 2 0
ai-gateway/internal/compliance/prohibited.go:255.16,258.3 2 0
ai-gateway/internal/compliance/prohibited.go:259.2,264.16 5 0
ai-gateway/internal/compliance/prohibited.go:264.16,267.3 2 0
ai-gateway/internal/compliance/prohibited.go:268.2,271.16 3 0
ai-gateway/internal/compliance/prohibited.go:271.16,274.3 2 0
ai-gateway/internal/compliance/prohibited.go:276.2,276.38 1 0
ai-gateway/internal/compliance/prohibited.go:276.38,279.3 2 0
ai-gateway/internal/compliance/prohibited.go:281.2,288.89 2 0
ai-gateway/internal/compliance/prohibited.go:288.89,291.3 2 0
ai-gateway/internal/compliance/prohibited.go:293.2,301.46 8 0
ai-gateway/internal/compliance/prohibited.go:301.46,304.3 2 0
ai-gateway/internal/compliance/prohibited.go:305.2,308.65 3 0
ai-gateway/internal/compliance/prohibited.go:308.65,311.3 2 0
ai-gateway/internal/compliance/prohibited.go:313.2,313.30 1 0
ai-gateway/internal/compliance/prohibited.go:313.30,315.3 1 0
ai-gateway/internal/compliance/prohibited.go:318.2,318.49 1 0
ai-gateway/internal/compliance/prohibited.go:318.49,320.3 1 0
ai-gateway/internal/compliance/prohibited.go:322.2,325.15 2 0
ai-gateway/internal/compliance/retention.go:39.56,40.15 1 0
ai-gateway/internal/compliance/retention.go:40.15,43.3 2 0
ai-gateway/internal/compliance/retention.go:45.2,47.35 2 0
ai-gateway/internal/compliance/retention.go:47.35,50.3 2 0
ai-gateway/internal/compliance/retention.go:53.2,55.10 2 0
ai-gateway/internal/compliance/retention.go:59.43,67.16 2 0
ai-gateway/internal/compliance/retention.go:67.16,69.3 1 0
ai-gateway/internal/compliance/retention.go:72.2,77.19 3 0
ai-gateway/internal/compliance/retention.go:77.19,79.3 1 0
ai-gateway/internal/compliance/retention.go:81.2,81.12 1 0
ai-gateway/internal/compliance/retention.go:85.66,86.17 1 0
ai-gateway/internal/compliance/retention.go:86.17,88.3 1 0
ai-gateway/internal/compliance/retention.go:90.2,98.16 4 0
ai-gateway/internal/compliance/retention.go:98.16,100.3 1 0
ai-gateway/internal/compliance/retention.go:102.2,104.16 3 0
ai-gateway/internal/compliance/retention.go:108.95,109.17 1 0
ai-gateway/internal/compliance/retention.go:109.17,111.3 1 0
ai-gateway/internal/compliance/retention.go:113.2,113.14 1 0
ai-gateway/internal/compliance/retention.go:113.14,115.3 1 0
ai-gateway/internal/compliance/retention.go:116.2,116.17 1 0
ai-gateway/internal/compliance/retention.go:116.17,118.3 1 0
ai-gateway/internal/compliance/retention.go:120.2,121.21 2 0
ai-gateway/internal/compliance/retention.go:121.21,123.3 1 0
ai-gateway/internal/compliance/retention.go:125.2,131.16 2 0
ai-gateway/internal/compliance/retention.go:131.16,133.3 1 0
ai-gateway/internal/compliance/retention.go:135.2,136.22 2 0
ai-gateway/internal/compliance/retention.go:143.58,144.17 1 0
ai-gateway/internal/compliance/retention.go:144.17,146.3 1 0
ai-gateway/internal/compliance/retention.go:148.2,149.16 2 0
ai-gateway/internal/compliance/retention.go:149.16,151.3 1 0
ai-gateway/internal/compliance/retention.go:153.2,164.16 5 0
ai-gateway/internal/compliance/retention.go:164.16,166.3 1 0
ai-gateway/internal/compliance/retention.go:166.8,168.3 1 0
ai-gateway/internal/compliance/retention.go:172.2,175.16 2 0
ai-gateway/internal/compliance/retention.go:175.16,177.3 1 0
ai-gateway/internal/compliance/retention.go:177.8,179.3 1 0
ai-gateway/internal/compliance/retention.go:182.2,185.16 2 0
ai-gateway/internal/compliance/retention.go:185.16,187.3 1 0
ai-gateway/internal/compliance/retention.go:187.8,189.3 1 0
ai-gateway/internal/compliance/retention.go:191.2,191.83 1 0
ai-gateway/internal/compliance/retention.go:191.83,198.3 1 0
ai-gateway/internal/compliance/retention.go:198.8,200.3 1 0
ai-gateway/internal/compliance/retention.go:202.2,202.20 1 0
ai-gateway/internal/compliance/retention.go:213.81,214.17 1 0
ai-gateway/internal/compliance/retention.go:214.17,216.3 1 0
ai-gateway/internal/compliance/retention.go:218.2,218.18 1 0
ai-gateway/internal/compliance/retention.go:218.18,220.3 1 0
ai-gateway/internal/compliance/retention.go:224.2,234.16 4 0
ai-gateway/internal/compliance/retention.go:234.16,236.3 1 0
ai-gateway/internal/compliance/retention.go:238.2,243.20 3 0
ai-gateway/internal/compliance/retention.go:247.66,256.17 2 0
ai-gateway/internal/compliance/retention.go:256.17,258.3 1 0
ai-gateway/internal/compliance/retention.go:260.2,277.14 13 0
ai-gateway/internal/compliance/retention.go:282.40,285.42 2 0
ai-gateway/internal/compliance/retention.go:285.42,287.3 1 0
ai-gateway/internal/compliance/retention.go:287.8,287.90 1 0
ai-gateway/internal/compliance/retention.go:287.90,290.3 1 0
ai-gateway/internal/compliance/retention.go:293.2,296.21 3 0
ai-gateway/internal/compliance/retention.go:296.21,297.38 1 0
ai-gateway/internal/compliance/retention.go:297.38,299.4 1 0
ai-gateway/internal/compliance/review.go:42.46,43.15 1 0
ai-gateway/internal/compliance/review.go:43.15,46.3 2 0
ai-gateway/internal/compliance/review.go:48.2,53.35 2 0
ai-gateway/internal/compliance/review.go:53.35,56.3 2 0
ai-gateway/internal/compliance/review.go:59.2,62.10 3 0
ai-gateway/internal/compliance/review.go:66.38,82.16 2 0
ai-gateway/internal/compliance/review.go:82.16,84.3 1 0
ai-gateway/internal/compliance/review.go:86.2,89.12 4 0
ai-gateway/internal/compliance/review.go:93.121,94.17 1 0
ai-gateway/internal/compliance/review.go:94.17,96.3 1 0
ai-gateway/internal/compliance/review.go:98.2,107.16 3 0
ai-gateway/internal/compliance/review.go:107.16,109.3 1 0
ai-gateway/internal/compliance/review.go:111.2,115.21 3 0
ai-gateway/internal/compliance/review.go:121.53,122.17 1 0
ai-gateway/internal/compliance/review.go:122.17,124.3 1 0
ai-gateway/internal/compliance/review.go:126.2,132.6 5 0
ai-gateway/internal/compliance/review.go:132.6,133.10 1 0
ai-gateway/internal/compliance/review.go:134.19,142.18 4 0
ai-gateway/internal/compliance/review.go:142.18,145.5 2 0
ai-gateway/internal/compliance/review.go:147.4,149.32 2 0
ai-gateway/internal/compliance/review.go:150.24,152.26 2 0
ai-gateway/internal/compliance/review.go:153.24,155.26 2 0
ai-gateway/internal/compliance/review.go:156.23,158.25 2 0
ai-gateway/internal/compliance/review.go:162.4,162.34 1 0
ai-gateway/internal/compliance/review.go:162.34,166.5 3 0
ai-gateway/internal/compliance/review.go:172.86,173.17 1 0
ai-gateway/internal/compliance/review.go:173.17,175.3 1 0
ai-gateway/internal/compliance/review.go:177.2,177.58 1 0
ai-gateway/internal/compliance/review.go:177.58,179.3 1 0
ai-gateway/internal/compliance/review.go:181.2,186.16 4 0
ai-gateway/internal/compliance/review.go:186.16,188.3 1 0
ai-gateway/internal/compliance/review.go:190.2,190.32 1 0
ai-gateway/internal/compliance/review.go:190.32,192.3 1 0
ai-gateway/internal/compliance/review.go:194.2,200.16 2 0
ai-gateway/internal/compliance/review.go:200.16,202.3 1 0
ai-gateway/internal/compliance/review.go:204.2,205.15 2 0
ai-gateway/internal/compliance/review.go:205.15,207.3 1 0
ai-gateway/internal/compliance/review.go:209.2,211.12 2 0
ai-gateway/internal/compliance/review.go:215.58,216.17 1 0
ai-gateway/internal/compliance/review.go:216.17,218.3 1 0
ai-gateway/internal/compliance/review.go:220.2,226.16 2 0
ai-gateway/internal/compliance/review.go:226.16,228.3 1 0
ai-gateway/internal/compliance/review.go:229.2,230.26 2 0
ai-gateway/internal/compliance/review.go:234.54,235.17 1 0
ai-gateway/internal/compliance/review.go:235.17,237.3 1 0
ai-gateway/internal/compliance/review.go:239.2,245.16 2 0
ai-gateway/internal/compliance/review.go:245.16,247.3 1 0
ai-gateway/internal/compliance/review.go:248.2,249.26 2 0
ai-gateway/internal/compliance/review.go:253.71,255.18 2 0
ai-gateway/internal/compliance/review.go:255.18,265.17 5 0
ai-gateway/internal/compliance/review.go:265.17,266.12 1 0
ai-gateway/internal/compliance/review.go:269.3,271.50 3 0
ai-gateway/internal/compliance/review.go:271.50,274.4 2 0
ai-gateway/internal/compliance/review.go:275.3,275.21 1 0
ai-gateway/internal/compliance/review.go:275.21,277.4 1 0
ai-gateway/internal/compliance/review.go:279.3,279.30 1 0
ai-gateway/internal/compliance/review.go:281.2,281.19 1 0
ai-gateway/internal/compliance/review.go:285.47,289.2 1 0
ai-gateway/internal/compliance/review.go:292.36,295.21 3 0
ai-gateway/internal/compliance/review.go:295.21,296.18 1 0
ai-gateway/internal/compliance/review.go:296.18,298.4 1 0
ai-gateway/internal/compliance/review.go:299.3,304.17 3 0
ai-gateway/internal/compliance/review.go:304.17,305.12 1 0
ai-gateway/internal/compliance/review.go:307.3,307.43 1 0
ai-gateway/internal/compliance/review.go:307.43,309.4 1 0
ai-gateway/internal/compliance/review.go:314.46,321.17 2 0
ai-gateway/internal/compliance/review.go:321.17,323.3 1 0
ai-gateway/internal/compliance/review.go:325.2,326.16 2 0
ai-gateway/internal/compliance/review.go:326.16,328.3 1 0
ai-gateway/internal/compliance/review.go:329.2,331.18 2 0
ai-gateway/internal/compliance/review.go:331.18,334.40 3 0
ai-gateway/internal/compliance/review.go:334.40,336.4 1 0
ai-gateway/internal/compliance/review.go:338.2,338.14 1 0
ai-gateway/internal/compliance/review.go:342.44,343.22 1 0
ai-gateway/internal/compliance/review.go:343.22,345.3 1 0
ai-gateway/internal/compliance/review.go:346.2,346.27 1 0
ai-gateway/internal/dashboard/chat.go:9.72,12.2 2 0
ai-gateway/internal/dashboard/platform.go:48.39,50.2 1 0
ai-gateway/internal/dashboard/platform.go:53.76,56.2 2 0
ai-gateway/internal/dashboard/platform.go:59.72,61.2 1 0
ai-gateway/internal/dashboard/platform.go:64.77,69.16 4 0
ai-gateway/internal/dashboard/platform.go:69.16,72.3 2 0
ai-gateway/internal/dashboard/platform.go:74.2,75.28 2 0
ai-gateway/internal/dashboard/platform.go:75.28,76.19 1 0
ai-gateway/internal/dashboard/platform.go:76.19,81.56 2 0
ai-gateway/internal/dashboard/platform.go:81.56,82.13 1 0
ai-gateway/internal/dashboard/platform.go:85.3,85.60 1 0
ai-gateway/internal/dashboard/platform.go:85.60,86.12 1 0
ai-gateway/internal/dashboard/platform.go:88.3,102.5 1 0
ai-gateway/internal/dashboard/platform.go:105.2,109.43 4 0
ai-gateway/internal/dashboard/platform.go:109.43,119.17 3 0
ai-gateway/internal/dashboard/platform.go:119.17,122.4 2 0
ai-gateway/internal/dashboard/platform.go:123.3,125.9 3 0
ai-gateway/internal/dashboard/platform.go:128.2,133.4 2 0
ai-gateway/internal/dashboard/platform.go:136.73,138.16 2 0
ai-gateway/internal/dashboard/platform.go:138.16,141.3 2 0
ai-gateway/internal/dashboard/platform.go:142.2,144.34 3 0
ai-gateway/internal/dashboard/platform.go:147.78,149.2 1 0
ai-gateway/internal/dashboard/platform.go:150.81,152.2 1 0
ai-gateway/internal/dashboard/platform.go:153.81,155.2 1 0
ai-gateway/internal/dashboard/platform.go:156.76,156.102 1 0
ai-gateway/internal/dashboard/platform.go:158.60,160.25 2 0
ai-gateway/internal/dashboard/platform.go:160.25,161.19 1 0
ai-gateway/internal/dashboard/platform.go:162.18,163.19 1 0
ai-gateway/internal/dashboard/platform.go:164.18,165.19 1 0
ai-gateway/internal/dashboard/platform.go:166.16,167.18 1 0
ai-gateway/internal/dashboard/platform.go:169.3,169.22 1 0
ai-gateway/internal/dashboard/platform.go:170.24,171.20 1 0
ai-gateway/internal/dashboard/platform.go:172.32,173.24 1 0
ai-gateway/internal/dashboard/platform.go:176.2,176.14 1 0
ai-gateway/internal/dashboard/platform.go:179.75,182.25 3 0
ai-gateway/internal/dashboard/platform.go:182.25,183.32 1 0
ai-gateway/internal/dashboard/platform.go:183.32,186.4 2 0
ai-gateway/internal/dashboard/platform.go:188.2,189.27 2 0
ai-gateway/internal/dashboard/platform.go:189.27,191.3 1 0
ai-gateway/internal/dashboard/platform.go:192.2,192.16 1 0
ai-gateway/internal/logger/logger.go:49.42,51.16 2 0
ai-gateway/internal/logger/logger.go:51.16,54.3 2 0
ai-gateway/internal/logger/logger.go:56.2,56.34 1 0
ai-gateway/internal/logger/logger.go:56.34,59.3 2 0
ai-gateway/internal/logger/logger.go:61.2,61.36 1 0
ai-gateway/internal/logger/logger.go:61.36,64.3 2 0
ai-gateway/internal/logger/logger.go:66.2,67.29 2 0
ai-gateway/internal/logger/logger.go:71.32,106.34 2 0
ai-gateway/internal/logger/logger.go:106.34,107.42 1 0
ai-gateway/internal/logger/logger.go:107.42,109.36 1 0
ai-gateway/internal/logger/logger.go:109.36,111.5 1 0
ai-gateway/internal/logger/logger.go:115.2,116.12 2 0
ai-gateway/internal/logger/logger.go:121.45,122.16 1 0
ai-gateway/internal/logger/logger.go:122.16,124.3 1 0
ai-gateway/internal/logger/logger.go:125.2,129.37 2 0
ai-gateway/internal/logger/logger.go:132.38,134.2 1 0
ai-gateway/internal/logger/logger.go:136.41,137.43 1 0
ai-gateway/internal/logger/logger.go:137.43,138.35 1 0
ai-gateway/internal/logger/logger.go:138.35,140.4 1 0
ai-gateway/internal/logger/logger.go:142.2,142.14 1 0
ai-gateway/internal/logger/logger.go:146.31,147.17 1 0
ai-gateway/internal/logger/logger.go:147.17,149.3 1 0
ai-gateway/internal/logger/logger.go:150.2,150.13 1 0
ai-gateway/internal/logger/logger.go:169.44,173.17 3 0
ai-gateway/internal/logger/logger.go:173.17,191.26 4 0
ai-gateway/internal/logger/logger.go:191.26,193.4 1 0
ai-gateway/internal/logger/logger.go:194.3,196.13 2 0
ai-gateway/internal/logger/logger.go:199.2,200.19 2 0
ai-gateway/internal/logger/logger.go:200.19,202.3 1 0
ai-gateway/internal/logger/logger.go:204.2,221.16 2 0
ai-gateway/internal/logger/logger.go:221.16,223.3 1 0
ai-gateway/internal/logger/logger.go:225.2,227.12 2 0
ai-gateway/internal/logger/logger.go:231.47,235.17 3 0
ai-gateway/internal/logger/logger.go:235.17,239.3 3 0
ai-gateway/internal/logger/logger.go:241.2,248.16 2 0
ai-gateway/internal/logger/logger.go:248.16,250.3 1 0
ai-gateway/internal/logger/logger.go:251.2,254.18 3 0
ai-gateway/internal/logger/logger.go:254.18,263.17 4 0
ai-gateway/internal/logger/logger.go:263.17,264.12 1 0
ai-gateway/internal/logger/logger.go:266.3,269.29 4 0
ai-gateway/internal/logger/logger.go:271.2,271.18 1 0
ai-gateway/internal/logger/logger.go:275.53,276.17 1 0
ai-gateway/internal/logger/logger.go:276.17,279.34 3 0
ai-gateway/internal/logger/logger.go:279.34,280.22 1 0
ai-gateway/internal/logger/logger.go:280.22,283.5 2 0
ai-gateway/internal/logger/logger.go:285.3,285.55 1 0
ai-gateway/internal/logger/logger.go:288.2,302.16 5 0
ai-gateway/internal/logger/logger.go:302.16,304.3 1 0
ai-gateway/internal/logger/logger.go:305.2,308.20 4 0
ai-gateway/internal/logger/logger.go:312.26,313.17 1 0
ai-gateway/internal/logger/logger.go:313.17,315.3 1 0
ai-gateway/cmd/main.go:22.13,28.31 5 0
ai-gateway/cmd/main.go:28.31,31.3 2 0
ai-gateway/cmd/main.go:34.2,35.16 2 0
ai-gateway/cmd/main.go:35.16,37.3 1 0
ai-gateway/cmd/main.go:39.2,47.67 5 0
ai-gateway/cmd/main.go:47.67,48.24 1 0
ai-gateway/cmd/main.go:48.24,51.4 2 0
ai-gateway/cmd/main.go:52.3,52.22 1 0
ai-gateway/cmd/main.go:54.2,74.16 17 0
ai-gateway/cmd/main.go:74.16,76.3 1 0
ai-gateway/cmd/main.go:78.2,87.12 2 0
ai-gateway/cmd/main.go:87.12,99.77 11 0
ai-gateway/cmd/main.go:99.77,101.4 1 0
ai-gateway/cmd/main.go:106.2,116.42 7 0
ai-gateway/cmd/main.go:116.42,118.3 1 0
ai-gateway/cmd/main.go:121.2,122.50 2 0
ai-gateway/cmd/main.go:125.59,128.2 2 0
